2025-04-12 23:16:43,433 [Worker-1: Loading available Gradle versions] INFO  o.e.b.c.i.u.g.PublishedGradleVersions - Gradle version information cache is up-to-date. Trying to read.
2025-04-12 23:21:43,579 [Worker-12: Launching mavenrun-1b138bb0-6bfe-4030-9f43-a2c5382cb0c3] INFO  o.eclipse.m2e.core.internal.Bundles - getClasspathEntries(Bundle=org.eclipse.m2e.maven.runtime_3.9.700.20240602-2313 [299])
2025-04-12 23:21:43,582 [Worker-12: Launching mavenrun-1b138bb0-6bfe-4030-9f43-a2c5382cb0c3] INFO  o.eclipse.m2e.core.internal.Bundles - 	Entry: C:\Users\panka\.p2\pool\plugins\org.eclipse.m2e.maven.runtime_3.9.700.20240602-2313
2025-04-12 23:21:43,582 [Worker-12: Launching mavenrun-1b138bb0-6bfe-4030-9f43-a2c5382cb0c3] INFO  o.eclipse.m2e.core.internal.Bundles - 	Entry: C:\Users\panka\.p2\pool\plugins\org.eclipse.m2e.maven.runtime_3.9.700.20240602-2313\jars\aopalliance-1.0.jar
2025-04-12 23:21:43,584 [Worker-12: Launching mavenrun-1b138bb0-6bfe-4030-9f43-a2c5382cb0c3] INFO  o.eclipse.m2e.core.internal.Bundles - 	Entry: C:\Users\panka\.p2\pool\plugins\org.eclipse.m2e.maven.runtime_3.9.700.20240602-2313\jars\guice-5.1.0.jar
2025-04-12 23:21:43,584 [Worker-12: Launching mavenrun-1b138bb0-6bfe-4030-9f43-a2c5382cb0c3] INFO  o.eclipse.m2e.core.internal.Bundles - 	Entry: C:\Users\panka\.p2\pool\plugins\org.eclipse.m2e.maven.runtime_3.9.700.20240602-2313\jars\httpclient-4.5.14.jar
2025-04-12 23:21:43,584 [Worker-12: Launching mavenrun-1b138bb0-6bfe-4030-9f43-a2c5382cb0c3] INFO  o.eclipse.m2e.core.internal.Bundles - 	Entry: C:\Users\panka\.p2\pool\plugins\org.eclipse.m2e.maven.runtime_3.9.700.20240602-2313\jars\httpcore-4.4.16.jar
2025-04-12 23:21:43,584 [Worker-12: Launching mavenrun-1b138bb0-6bfe-4030-9f43-a2c5382cb0c3] INFO  o.eclipse.m2e.core.internal.Bundles - 	Entry: C:\Users\panka\.p2\pool\plugins\org.eclipse.m2e.maven.runtime_3.9.700.20240602-2313\jars\jansi-2.4.1.jar
2025-04-12 23:21:43,584 [Worker-12: Launching mavenrun-1b138bb0-6bfe-4030-9f43-a2c5382cb0c3] INFO  o.eclipse.m2e.core.internal.Bundles - 	Entry: C:\Users\panka\.p2\pool\plugins\org.eclipse.m2e.maven.runtime_3.9.700.20240602-2313\jars\jcl-over-slf4j-1.7.36.jar
2025-04-12 23:21:43,585 [Worker-12: Launching mavenrun-1b138bb0-6bfe-4030-9f43-a2c5382cb0c3] INFO  o.eclipse.m2e.core.internal.Bundles - 	Entry: C:\Users\panka\.p2\pool\plugins\org.eclipse.m2e.maven.runtime_3.9.700.20240602-2313\jars\maven-artifact-3.9.7.jar
2025-04-12 23:21:43,585 [Worker-12: Launching mavenrun-1b138bb0-6bfe-4030-9f43-a2c5382cb0c3] INFO  o.eclipse.m2e.core.internal.Bundles - 	Entry: C:\Users\panka\.p2\pool\plugins\org.eclipse.m2e.maven.runtime_3.9.700.20240602-2313\jars\maven-builder-support-3.9.7.jar
2025-04-12 23:21:43,585 [Worker-12: Launching mavenrun-1b138bb0-6bfe-4030-9f43-a2c5382cb0c3] INFO  o.eclipse.m2e.core.internal.Bundles - 	Entry: C:\Users\panka\.p2\pool\plugins\org.eclipse.m2e.maven.runtime_3.9.700.20240602-2313\jars\maven-compat-3.9.7.jar
2025-04-12 23:21:43,585 [Worker-12: Launching mavenrun-1b138bb0-6bfe-4030-9f43-a2c5382cb0c3] INFO  o.eclipse.m2e.core.internal.Bundles - 	Entry: C:\Users\panka\.p2\pool\plugins\org.eclipse.m2e.maven.runtime_3.9.700.20240602-2313\jars\maven-core-3.9.7.jar
2025-04-12 23:21:43,585 [Worker-12: Launching mavenrun-1b138bb0-6bfe-4030-9f43-a2c5382cb0c3] INFO  o.eclipse.m2e.core.internal.Bundles - 	Entry: C:\Users\panka\.p2\pool\plugins\org.eclipse.m2e.maven.runtime_3.9.700.20240602-2313\jars\maven-embedder-3.9.7.jar
2025-04-12 23:21:43,585 [Worker-12: Launching mavenrun-1b138bb0-6bfe-4030-9f43-a2c5382cb0c3] INFO  o.eclipse.m2e.core.internal.Bundles - 	Entry: C:\Users\panka\.p2\pool\plugins\org.eclipse.m2e.maven.runtime_3.9.700.20240602-2313\jars\maven-model-3.9.7.jar
2025-04-12 23:21:43,586 [Worker-12: Launching mavenrun-1b138bb0-6bfe-4030-9f43-a2c5382cb0c3] INFO  o.eclipse.m2e.core.internal.Bundles - 	Entry: C:\Users\panka\.p2\pool\plugins\org.eclipse.m2e.maven.runtime_3.9.700.20240602-2313\jars\maven-model-builder-3.9.7.jar
2025-04-12 23:21:43,586 [Worker-12: Launching mavenrun-1b138bb0-6bfe-4030-9f43-a2c5382cb0c3] INFO  o.eclipse.m2e.core.internal.Bundles - 	Entry: C:\Users\panka\.p2\pool\plugins\org.eclipse.m2e.maven.runtime_3.9.700.20240602-2313\jars\maven-plugin-api-3.9.7.jar
2025-04-12 23:21:43,586 [Worker-12: Launching mavenrun-1b138bb0-6bfe-4030-9f43-a2c5382cb0c3] INFO  o.eclipse.m2e.core.internal.Bundles - 	Entry: C:\Users\panka\.p2\pool\plugins\org.eclipse.m2e.maven.runtime_3.9.700.20240602-2313\jars\maven-repository-metadata-3.9.7.jar
2025-04-12 23:21:43,586 [Worker-12: Launching mavenrun-1b138bb0-6bfe-4030-9f43-a2c5382cb0c3] INFO  o.eclipse.m2e.core.internal.Bundles - 	Entry: C:\Users\panka\.p2\pool\plugins\org.eclipse.m2e.maven.runtime_3.9.700.20240602-2313\jars\maven-resolver-api-1.9.20.jar
2025-04-12 23:21:43,586 [Worker-12: Launching mavenrun-1b138bb0-6bfe-4030-9f43-a2c5382cb0c3] INFO  o.eclipse.m2e.core.internal.Bundles - 	Entry: C:\Users\panka\.p2\pool\plugins\org.eclipse.m2e.maven.runtime_3.9.700.20240602-2313\jars\maven-resolver-connector-basic-1.9.20.jar
2025-04-12 23:21:43,587 [Worker-12: Launching mavenrun-1b138bb0-6bfe-4030-9f43-a2c5382cb0c3] INFO  o.eclipse.m2e.core.internal.Bundles - 	Entry: C:\Users\panka\.p2\pool\plugins\org.eclipse.m2e.maven.runtime_3.9.700.20240602-2313\jars\maven-resolver-impl-1.9.20.jar
2025-04-12 23:21:43,587 [Worker-12: Launching mavenrun-1b138bb0-6bfe-4030-9f43-a2c5382cb0c3] INFO  o.eclipse.m2e.core.internal.Bundles - 	Entry: C:\Users\panka\.p2\pool\plugins\org.eclipse.m2e.maven.runtime_3.9.700.20240602-2313\jars\maven-resolver-named-locks-1.9.20.jar
2025-04-12 23:21:43,587 [Worker-12: Launching mavenrun-1b138bb0-6bfe-4030-9f43-a2c5382cb0c3] INFO  o.eclipse.m2e.core.internal.Bundles - 	Entry: C:\Users\panka\.p2\pool\plugins\org.eclipse.m2e.maven.runtime_3.9.700.20240602-2313\jars\maven-resolver-provider-3.9.7.jar
2025-04-12 23:21:43,587 [Worker-12: Launching mavenrun-1b138bb0-6bfe-4030-9f43-a2c5382cb0c3] INFO  o.eclipse.m2e.core.internal.Bundles - 	Entry: C:\Users\panka\.p2\pool\plugins\org.eclipse.m2e.maven.runtime_3.9.700.20240602-2313\jars\maven-resolver-spi-1.9.20.jar
2025-04-12 23:21:43,587 [Worker-12: Launching mavenrun-1b138bb0-6bfe-4030-9f43-a2c5382cb0c3] INFO  o.eclipse.m2e.core.internal.Bundles - 	Entry: C:\Users\panka\.p2\pool\plugins\org.eclipse.m2e.maven.runtime_3.9.700.20240602-2313\jars\maven-resolver-transport-file-1.9.20.jar
2025-04-12 23:21:43,587 [Worker-12: Launching mavenrun-1b138bb0-6bfe-4030-9f43-a2c5382cb0c3] INFO  o.eclipse.m2e.core.internal.Bundles - 	Entry: C:\Users\panka\.p2\pool\plugins\org.eclipse.m2e.maven.runtime_3.9.700.20240602-2313\jars\maven-resolver-transport-http-1.9.20.jar
2025-04-12 23:21:43,587 [Worker-12: Launching mavenrun-1b138bb0-6bfe-4030-9f43-a2c5382cb0c3] INFO  o.eclipse.m2e.core.internal.Bundles - 	Entry: C:\Users\panka\.p2\pool\plugins\org.eclipse.m2e.maven.runtime_3.9.700.20240602-2313\jars\maven-resolver-transport-wagon-1.9.20.jar
2025-04-12 23:21:43,588 [Worker-12: Launching mavenrun-1b138bb0-6bfe-4030-9f43-a2c5382cb0c3] INFO  o.eclipse.m2e.core.internal.Bundles - 	Entry: C:\Users\panka\.p2\pool\plugins\org.eclipse.m2e.maven.runtime_3.9.700.20240602-2313\jars\maven-resolver-util-1.9.20.jar
2025-04-12 23:21:43,588 [Worker-12: Launching mavenrun-1b138bb0-6bfe-4030-9f43-a2c5382cb0c3] INFO  o.eclipse.m2e.core.internal.Bundles - 	Entry: C:\Users\panka\.p2\pool\plugins\org.eclipse.m2e.maven.runtime_3.9.700.20240602-2313\jars\maven-settings-3.9.7.jar
2025-04-12 23:21:43,588 [Worker-12: Launching mavenrun-1b138bb0-6bfe-4030-9f43-a2c5382cb0c3] INFO  o.eclipse.m2e.core.internal.Bundles - 	Entry: C:\Users\panka\.p2\pool\plugins\org.eclipse.m2e.maven.runtime_3.9.700.20240602-2313\jars\maven-settings-builder-3.9.7.jar
2025-04-12 23:21:43,588 [Worker-12: Launching mavenrun-1b138bb0-6bfe-4030-9f43-a2c5382cb0c3] INFO  o.eclipse.m2e.core.internal.Bundles - 	Entry: C:\Users\panka\.p2\pool\plugins\org.eclipse.m2e.maven.runtime_3.9.700.20240602-2313\jars\maven-shared-utils-3.4.2.jar
2025-04-12 23:21:43,588 [Worker-12: Launching mavenrun-1b138bb0-6bfe-4030-9f43-a2c5382cb0c3] INFO  o.eclipse.m2e.core.internal.Bundles - 	Entry: C:\Users\panka\.p2\pool\plugins\org.eclipse.m2e.maven.runtime_3.9.700.20240602-2313\jars\org.eclipse.sisu.inject-0.9.0.M2.jar
2025-04-12 23:21:43,588 [Worker-12: Launching mavenrun-1b138bb0-6bfe-4030-9f43-a2c5382cb0c3] INFO  o.eclipse.m2e.core.internal.Bundles - 	Entry: C:\Users\panka\.p2\pool\plugins\org.eclipse.m2e.maven.runtime_3.9.700.20240602-2313\jars\org.eclipse.sisu.plexus-0.9.0.M2.jar
2025-04-12 23:21:43,589 [Worker-12: Launching mavenrun-1b138bb0-6bfe-4030-9f43-a2c5382cb0c3] INFO  o.eclipse.m2e.core.internal.Bundles - 	Entry: C:\Users\panka\.p2\pool\plugins\org.eclipse.m2e.maven.runtime_3.9.700.20240602-2313\jars\plexus-build-api-0.0.7.jar
2025-04-12 23:21:43,589 [Worker-12: Launching mavenrun-1b138bb0-6bfe-4030-9f43-a2c5382cb0c3] INFO  o.eclipse.m2e.core.internal.Bundles - 	Entry: C:\Users\panka\.p2\pool\plugins\org.eclipse.m2e.maven.runtime_3.9.700.20240602-2313\jars\plexus-build-api-1.2.0.jar
2025-04-12 23:21:43,589 [Worker-12: Launching mavenrun-1b138bb0-6bfe-4030-9f43-a2c5382cb0c3] INFO  o.eclipse.m2e.core.internal.Bundles - 	Entry: C:\Users\panka\.p2\pool\plugins\org.eclipse.m2e.maven.runtime_3.9.700.20240602-2313\jars\plexus-cipher-2.0.jar
2025-04-12 23:21:43,590 [Worker-12: Launching mavenrun-1b138bb0-6bfe-4030-9f43-a2c5382cb0c3] INFO  o.eclipse.m2e.core.internal.Bundles - 	Entry: C:\Users\panka\.p2\pool\plugins\org.eclipse.m2e.maven.runtime_3.9.700.20240602-2313\jars\plexus-classworlds-2.8.0.jar
2025-04-12 23:21:43,590 [Worker-12: Launching mavenrun-1b138bb0-6bfe-4030-9f43-a2c5382cb0c3] INFO  o.eclipse.m2e.core.internal.Bundles - 	Entry: C:\Users\panka\.p2\pool\plugins\org.eclipse.m2e.maven.runtime_3.9.700.20240602-2313\jars\plexus-component-annotations-2.1.0.jar
2025-04-12 23:21:43,590 [Worker-12: Launching mavenrun-1b138bb0-6bfe-4030-9f43-a2c5382cb0c3] INFO  o.eclipse.m2e.core.internal.Bundles - 	Entry: C:\Users\panka\.p2\pool\plugins\org.eclipse.m2e.maven.runtime_3.9.700.20240602-2313\jars\plexus-interpolation-1.27.jar
2025-04-12 23:21:43,590 [Worker-12: Launching mavenrun-1b138bb0-6bfe-4030-9f43-a2c5382cb0c3] INFO  o.eclipse.m2e.core.internal.Bundles - 	Entry: C:\Users\panka\.p2\pool\plugins\org.eclipse.m2e.maven.runtime_3.9.700.20240602-2313\jars\plexus-sec-dispatcher-2.0.jar
2025-04-12 23:21:43,590 [Worker-12: Launching mavenrun-1b138bb0-6bfe-4030-9f43-a2c5382cb0c3] INFO  o.eclipse.m2e.core.internal.Bundles - 	Entry: C:\Users\panka\.p2\pool\plugins\org.eclipse.m2e.maven.runtime_3.9.700.20240602-2313\jars\plexus-utils-3.5.1.jar
2025-04-12 23:21:43,590 [Worker-12: Launching mavenrun-1b138bb0-6bfe-4030-9f43-a2c5382cb0c3] INFO  o.eclipse.m2e.core.internal.Bundles - 	Entry: C:\Users\panka\.p2\pool\plugins\org.eclipse.m2e.maven.runtime_3.9.700.20240602-2313\jars\wagon-file-3.5.3.jar
2025-04-12 23:21:43,590 [Worker-12: Launching mavenrun-1b138bb0-6bfe-4030-9f43-a2c5382cb0c3] INFO  o.eclipse.m2e.core.internal.Bundles - 	Entry: C:\Users\panka\.p2\pool\plugins\org.eclipse.m2e.maven.runtime_3.9.700.20240602-2313\jars\wagon-http-3.5.3.jar
2025-04-12 23:21:43,591 [Worker-12: Launching mavenrun-1b138bb0-6bfe-4030-9f43-a2c5382cb0c3] INFO  o.eclipse.m2e.core.internal.Bundles - 	Entry: C:\Users\panka\.p2\pool\plugins\org.eclipse.m2e.maven.runtime_3.9.700.20240602-2313\jars\wagon-http-shared-3.5.3.jar
2025-04-12 23:21:43,591 [Worker-12: Launching mavenrun-1b138bb0-6bfe-4030-9f43-a2c5382cb0c3] INFO  o.eclipse.m2e.core.internal.Bundles - 	Entry: C:\Users\panka\.p2\pool\plugins\org.eclipse.m2e.maven.runtime_3.9.700.20240602-2313\jars\wagon-provider-api-3.5.3.jar
2025-04-12 23:21:43,593 [Worker-12: Launching mavenrun-1b138bb0-6bfe-4030-9f43-a2c5382cb0c3] INFO  o.eclipse.m2e.core.internal.Bundles - getClasspathEntries(Bundle=com.google.guava_33.2.0.jre [10])
2025-04-12 23:21:43,593 [Worker-12: Launching mavenrun-1b138bb0-6bfe-4030-9f43-a2c5382cb0c3] INFO  o.eclipse.m2e.core.internal.Bundles - 	Entry: C:\Users\panka\.p2\pool\plugins\com.google.guava_33.2.0.jre.jar
2025-04-12 23:21:43,593 [Worker-12: Launching mavenrun-1b138bb0-6bfe-4030-9f43-a2c5382cb0c3] INFO  o.eclipse.m2e.core.internal.Bundles - getClasspathEntries(Bundle=slf4j.api_2.0.16 [520])
2025-04-12 23:21:43,594 [Worker-12: Launching mavenrun-1b138bb0-6bfe-4030-9f43-a2c5382cb0c3] INFO  o.eclipse.m2e.core.internal.Bundles - 	Entry: C:\Users\panka\.p2\pool\plugins\slf4j.api_2.0.16.jar
2025-04-12 23:21:43,594 [Worker-12: Launching mavenrun-1b138bb0-6bfe-4030-9f43-a2c5382cb0c3] INFO  o.eclipse.m2e.core.internal.Bundles - getClasspathEntries(Bundle=jakarta.inject.jakarta.inject-api_1.0.5 [21])
2025-04-12 23:21:43,594 [Worker-12: Launching mavenrun-1b138bb0-6bfe-4030-9f43-a2c5382cb0c3] INFO  o.eclipse.m2e.core.internal.Bundles - 	Entry: C:\Users\panka\.p2\pool\plugins\jakarta.inject.jakarta.inject-api_1.0.5.jar
2025-04-12 23:21:43,594 [Worker-12: Launching mavenrun-1b138bb0-6bfe-4030-9f43-a2c5382cb0c3] INFO  o.eclipse.m2e.core.internal.Bundles - getClasspathEntries(Bundle=javax.annotation_1.3.5.v20200909-1856 [24])
2025-04-12 23:21:43,594 [Worker-12: Launching mavenrun-1b138bb0-6bfe-4030-9f43-a2c5382cb0c3] INFO  o.eclipse.m2e.core.internal.Bundles - 	Entry: C:\Users\panka\.p2\pool\plugins\javax.annotation_1.3.5.v20200909-1856.jar
2025-04-12 23:21:43,594 [Worker-12: Launching mavenrun-1b138bb0-6bfe-4030-9f43-a2c5382cb0c3] INFO  o.eclipse.m2e.core.internal.Bundles - getClasspathEntries(Bundle=org.apache.commons.cli_1.8.0 [47])
2025-04-12 23:21:43,595 [Worker-12: Launching mavenrun-1b138bb0-6bfe-4030-9f43-a2c5382cb0c3] INFO  o.eclipse.m2e.core.internal.Bundles - 	Entry: C:\Users\panka\.p2\pool\plugins\org.apache.commons.cli_1.8.0.jar
2025-04-12 23:21:43,595 [Worker-12: Launching mavenrun-1b138bb0-6bfe-4030-9f43-a2c5382cb0c3] INFO  o.eclipse.m2e.core.internal.Bundles - getClasspathEntries(Bundle=org.apache.commons.commons-codec_1.16.0 [48])
2025-04-12 23:21:43,595 [Worker-12: Launching mavenrun-1b138bb0-6bfe-4030-9f43-a2c5382cb0c3] INFO  o.eclipse.m2e.core.internal.Bundles - 	Entry: C:\Users\panka\.p2\pool\plugins\org.apache.commons.commons-codec_1.16.0.jar
2025-04-12 23:21:43,595 [Worker-12: Launching mavenrun-1b138bb0-6bfe-4030-9f43-a2c5382cb0c3] INFO  o.eclipse.m2e.core.internal.Bundles - getClasspathEntries(Bundle=org.apache.commons.lang3_3.14.0 [54])
2025-04-12 23:21:43,596 [Worker-12: Launching mavenrun-1b138bb0-6bfe-4030-9f43-a2c5382cb0c3] INFO  o.eclipse.m2e.core.internal.Bundles - 	Entry: C:\Users\panka\.p2\pool\plugins\org.apache.commons.lang3_3.14.0.jar
2025-04-12 23:21:43,596 [Worker-12: Launching mavenrun-1b138bb0-6bfe-4030-9f43-a2c5382cb0c3] INFO  o.eclipse.m2e.core.internal.Bundles - getClasspathEntries(Bundle=com.google.guava.failureaccess_1.0.2 [11])
2025-04-12 23:21:43,596 [Worker-12: Launching mavenrun-1b138bb0-6bfe-4030-9f43-a2c5382cb0c3] INFO  o.eclipse.m2e.core.internal.Bundles - 	Entry: C:\Users\panka\.p2\pool\plugins\com.google.guava.failureaccess_1.0.2.jar
2025-04-12 23:21:43,602 [Worker-12: Launching mavenrun-1b138bb0-6bfe-4030-9f43-a2c5382cb0c3] INFO  o.e.m.i.launch.MavenLaunchDelegate - Run build in "C:\Users\panka\AppData\Local\Temp\m2e-archetypeGenerator235443211780313428":
2025-04-12 23:21:43,607 [Worker-12: Launching mavenrun-1b138bb0-6bfe-4030-9f43-a2c5382cb0c3] INFO  o.e.m.i.launch.MavenLaunchDelegate -  mvn  -DjavaCompilerVersion=17 -DjunitVersion=5.11.0 -DarchetypeGroupId=org.apache.maven.archetypes -DarchetypeArtifactId=maven-archetype-quickstart -DarchetypeVersion=1.5 -DgroupId=com.tutorialNinja -DartifactId=TutorialNinjaDemo -Dversion=0.0.1-SNAPSHOT -Dpackage=com.tutorialNinja.TutorialNinjaDemo -DoutputDirectory="D:\pb\2025\Projects Repo\TutorialNinjaDemo" -Dstyle.color=always -U archetype:generate
2025-04-12 23:22:01,127 [Worker-13: Creating maven-archetype-quickstart] INFO  o.e.m.c.i.p.ProjectConfigurationManager - Collecting project info '/pom.xml' D:\pb\2025\Projects Repo\TutorialNinjaDemo\TutorialNinjaDemo\pom.xml
2025-04-12 23:22:03,472 [Worker-13: Creating maven-archetype-quickstart] INFO  o.e.m.c.i.l.LifecycleMappingFactory - Using org.eclipse.m2e.jdt.JarLifecycleMapping lifecycle mapping for MavenProject: com.tutorialNinja:TutorialNinjaDemo:0.0.1-SNAPSHOT @ D:\pb\2025\Projects Repo\TutorialNinjaDemo\TutorialNinjaDemo\pom.xml.
2025-04-12 23:22:04,949 [Worker-13: Creating maven-archetype-quickstart] INFO  o.e.m.j.i.AbstractJavaProjectConfigurator - Adding source folder /TutorialNinjaDemo/src/main/java
2025-04-12 23:22:04,951 [Worker-13: Creating maven-archetype-quickstart] INFO  o.e.m.j.i.AbstractJavaProjectConfigurator - Adding resource folder /TutorialNinjaDemo/src/main/resources
2025-04-12 23:22:04,960 [Worker-13: Creating maven-archetype-quickstart] INFO  o.e.m.j.i.AbstractJavaProjectConfigurator - Adding source folder /TutorialNinjaDemo/src/test/java
2025-04-12 23:22:04,962 [Worker-13: Creating maven-archetype-quickstart] INFO  o.e.m.j.i.AbstractJavaProjectConfigurator - Adding resource folder /TutorialNinjaDemo/src/test/resources
2025-04-12 23:22:05,776 [Worker-13: Creating maven-archetype-quickstart] INFO  o.e.m.c.i.p.ProjectConfigurationManager - Imported and configured 1 project(s) in 4 sec
2025-04-12 23:22:07,423 [Worker-24: Building] INFO  o.a.m.s.f.DefaultMavenResourcesFiltering - skip non existing resourceDirectory D:\pb\2025\Projects Repo\TutorialNinjaDemo\TutorialNinjaDemo\src\main\resources
2025-04-12 23:22:07,427 [Worker-24: Building] INFO  o.a.m.s.f.DefaultMavenResourcesFiltering - skip non existing resourceDirectory D:\pb\2025\Projects Repo\TutorialNinjaDemo\TutorialNinjaDemo\src\test\resources
